<?xml version="1.0" encoding="UTF-8"?>
<!-- Generated by org.testng.reporters.JUnitXMLReporter -->
<testsuite hostname="samuel-andoh" name="Command line test" tests="4" failures="2" timestamp="11 Apr 2016 07:05:53 GMT" time="23.617" errors="0">
  <testcase name="DbEmail" time="0.001" classname="example.NewTest">
    <failure type="java.lang.ClassNotFoundException" message="com.microsoft.sqlserver.jdbc.SQLServerDriver">
      <![CDATA[java.lang.ClassNotFoundException: com.microsoft.sqlserver.jdbc.SQLServerDriver
	at java.net.URLClassLoader$1.run(URLClassLoader.java:366)
	at java.net.URLClassLoader$1.run(URLClassLoader.java:355)
	at java.security.AccessController.doPrivileged(Native Method)
	at java.net.URLClassLoader.findClass(URLClassLoader.java:354)
	at java.lang.ClassLoader.loadClass(ClassLoader.java:425)
	at sun.misc.Launcher$AppClassLoader.loadClass(Launcher.java:308)
	at java.lang.ClassLoader.loadClass(ClassLoader.java:358)
	at java.lang.Class.forName0(Native Method)
	at java.lang.Class.forName(Class.java:191)
	at example.NewTest.DbEmail(NewTest.java:87)
... Removed 33 stack frames]]>
    </failure>
  </testcase> <!-- DbEmail -->
  <testcase name="ThirdTest" time="10.789" classname="example.NewTest">
    <failure type="java.lang.AssertionError" message="expected [true] but found [false]">
      <![CDATA[java.lang.AssertionError: expected [true] but found [false]
	at example.NewTest.ThirdTest(NewTest.java:53)
... Removed 37 stack frames]]>
    </failure>
  </testcase> <!-- ThirdTest -->
  <testcase name="firstTest" time="5.875" classname="example.NewTest"/>
  <testcase name="secondTest" time="0.591" classname="example.NewTest"/>
</testsuite> <!-- Command line test -->
