<?xml version="1.0" encoding="UTF-8" ?>
<testsuite failures="2" time="19.813" errors="0" skipped="0" tests="2" name="example.NewTest">
  <properties>
[...]
</properties>
  <testcase time="12.846" classname="example.NewTest" name="firstTest">
    <failure message="expected [true] but found [false]" type="java.lang.AssertionError">java.lang.AssertionError: expected [true] but found [false]
	at org.testng.Assert.fail(Assert.java:94)
	at org.testng.Assert.failNotEquals(Assert.java:513)
	at org.testng.Assert.assertTrue(Assert.java:42)
	at org.testng.Assert.assertTrue(Assert.java:52)
	at example.NewTest.firstTest(NewTest.java:20)
</failure>
    <system-out>Configuring TestNG with: org.apache.maven.surefire.testng.conf.TestNG652Configurator@46e2b745
This is the first test 
Test if the title containf free selenium tutorial 
</system-out>
  </testcase>
  <testcase time="6.967" classname="example.NewTest" name="secondTest">
    <failure message="expected [true] but found [false]" type="java.lang.AssertionError">java.lang.AssertionError: expected [true] but found [false]
	at org.testng.Assert.fail(Assert.java:94)
	at org.testng.Assert.failNotEquals(Assert.java:513)
	at org.testng.Assert.assertTrue(Assert.java:42)
	at org.testng.Assert.assertTrue(Assert.java:52)
	at example.NewTest.secondTest(NewTest.java:28)
</failure>
    <system-out>This is the second test 
seee if second test worked 
</system-out>
  </testcase>
</testsuite>