<?xml version="1.0" encoding="UTF-8"?>
<testng-results skipped="0" failed="0" total="1" passed="1">
  <reporter-output>
  </reporter-output>
  <suite name="example.NewTest" duration-ms="298891" started-at="2016-04-14T09:30:11Z" finished-at="2016-04-14T09:35:10Z">
    <groups>
    </groups>
    <test name="Command line test" duration-ms="298891" started-at="2016-04-14T09:30:11Z" finished-at="2016-04-14T09:35:10Z">
      <class name="example.NewTest">
        <test-method status="PASS" signature="DbEmail()[pri:0, instance:example.NewTest@440939dc]" name="DbEmail" duration-ms="298877" started-at="2016-04-14T04:30:11Z" finished-at="2016-04-14T04:35:10Z">
          <reporter-output>
          </reporter-output>
        </test-method> <!-- DbEmail -->
      </class> <!-- example.NewTest -->
    </test> <!-- Command line test -->
  </suite> <!-- example.NewTest -->
</testng-results>
