<?xml version="1.0" encoding="UTF-8"?>
<testng-results skipped="0" failed="0" total="1" passed="1">
  <reporter-output>
  </reporter-output>
  <suite name="example.NewTest" duration-ms="53736" started-at="2016-04-12T02:03:28Z" finished-at="2016-04-12T02:04:21Z">
    <groups>
    </groups>
    <test name="Command line test" duration-ms="53736" started-at="2016-04-12T02:03:28Z" finished-at="2016-04-12T02:04:21Z">
      <class name="example.NewTest">
        <test-method status="PASS" signature="DbEmail()[pri:0, instance:example.NewTest@39b5bd69]" name="DbEmail" duration-ms="53724" started-at="2016-04-11T21:03:28Z" finished-at="2016-04-11T21:04:21Z">
          <reporter-output>
          </reporter-output>
        </test-method> <!-- DbEmail -->
      </class> <!-- example.NewTest -->
    </test> <!-- Command line test -->
  </suite> <!-- example.NewTest -->
</testng-results>
