<?xml version="1.0" encoding="UTF-8"?>
<testng-results skipped="0" failed="0" total="1" passed="1">
  <reporter-output>
  </reporter-output>
  <suite name="Default suite" duration-ms="88979" started-at="2016-04-12T11:21:11Z" finished-at="2016-04-12T11:22:40Z">
    <groups>
    </groups>
    <test name="Default test" duration-ms="88979" started-at="2016-04-12T11:21:11Z" finished-at="2016-04-12T11:22:40Z">
      <class name="example.NewTest">
        <test-method status="PASS" signature="DbEmail()[pri:0, instance:example.NewTest@7bf83b8a]" name="DbEmail" duration-ms="88954" started-at="2016-04-12T06:21:11Z" finished-at="2016-04-12T06:22:40Z">
          <reporter-output>
          </reporter-output>
        </test-method> <!-- DbEmail -->
      </class> <!-- example.NewTest -->
    </test> <!-- Default test -->
  </suite> <!-- Default suite -->
</testng-results>
